<?xml version="1.0" encoding="UTF-8"?>
<!-- Generated by org.testng.reporters.JUnitReportReporter -->
<testsuite skipped="0" hostname="Admin" name="com.freecrm.TestCases.LoginTestCase" tests="2" failures="0" timestamp="25 Jul 2019 15:27:21 GMT" time="91.226" errors="0">
  <testcase name="LoginCase" time="69.957" classname="com.freecrm.TestCases.LoginTestCase"/>
  <testcase name="CheckHomePage" time="21.269" classname="com.freecrm.TestCases.LoginTestCase"/>
</testsuite> <!-- com.freecrm.TestCases.LoginTestCase -->
